# JRE version: OpenJDK Runtime Environment (21.0.7) (build 21.0.7+-13880790-b1038.58)
# Java VM: OpenJDK 64-Bit Server VM (21.0.7+-13880790-b1038.58, mixed mode, tiered, compressed oops, compressed class ptrs, g1 gc, windows-amd64)
GC Precious Log:
 CardTable entry size: 512
 Card Set container configuration: InlinePtr #cards 5 size 8 Array Of Cards #cards 12 size 40 Howl #buckets 4 coarsen threshold 1843 Howl Bitmap #cards 512 size 80 coarsen threshold 460 Card regions per heap region 1 cards per card region 2048
 CPUs: 12 total, 12 available
 Memory: 15739M
 Large Page Support: Disabled
 NUMA Support: Disabled
 Compressed Oops: Enabled (32-bit)
 Heap Region Size: 1M
 Heap Min Capacity: 8M
 Heap Initial Capacity: 246M
 Heap Max Capacity: 2G
 Pre-touch: Disabled
 Parallel Workers: 10
 Concurrent Workers: 3
 Concurrent Refinement Workers: 10
 Periodic GC: Disabled
Heap:
 garbage-first heap   total 479232K, used 284200K [0x0000000080000000, 0x0000000100000000)
  region size 1024K, 44 young (45056K), 23 survivors (23552K)
 Metaspace       used 222357K, committed 225344K, reserved 1245184K
  class space    used 28623K, committed 30080K, reserved 1048576K
GC Heap History (20 events):
Event: 36.317 GC heap before
{Heap before GC invocations=75 (full 0):
 garbage-first heap   total 479232K, used 322959K [0x0000000080000000, 0x0000000100000000)
  region size 1024K, 105 young (107520K), 16 survivors (16384K)
 Metaspace       used 178905K, committed 181440K, reserved 1245184K
  class space    used 22729K, committed 23936K, reserved 1048576K
}
Event: 36.322 GC heap after
{Heap after GC invocations=76 (full 0):
 garbage-first heap   total 479232K, used 228091K [0x0000000080000000, 0x0000000100000000)
  region size 1024K, 4 young (4096K), 4 survivors (4096K)
 Metaspace       used 178905K, committed 181440K, reserved 1245184K
  class space    used 22729K, committed 23936K, reserved 1048576K
}
Event: 37.883 GC heap before
{Heap before GC invocations=77 (full 0):
 garbage-first heap   total 479232K, used 452347K [0x0000000080000000, 0x0000000100000000)
  region size 1024K, 221 young (226304K), 4 survivors (4096K)
 Metaspace       used 190020K, committed 192768K, reserved 1245184K
  class space    used 24495K, committed 25856K, reserved 1048576K
}
Event: 37.889 GC heap after
{Heap after GC invocations=78 (full 0):
 garbage-first heap   total 479232K, used 230520K [0x0000000080000000, 0x0000000100000000)
  region size 1024K, 12 young (12288K), 12 survivors (12288K)
 Metaspace       used 190020K, committed 192768K, reserved 1245184K
  class space    used 24495K, committed 25856K, reserved 1048576K
}
Event: 38.700 GC heap before
{Heap before GC invocations=78 (full 0):
 garbage-first heap   total 479232K, used 441464K [0x0000000080000000, 0x0000000100000000)
  region size 1024K, 218 young (223232K), 12 survivors (12288K)
 Metaspace       used 190021K, committed 192832K, reserved 1245184K
  class space    used 24495K, committed 25856K, reserved 1048576K
}
Event: 38.707 GC heap after
{Heap after GC invocations=79 (full 0):
 garbage-first heap   total 479232K, used 234577K [0x0000000080000000, 0x0000000100000000)
  region size 1024K, 17 young (17408K), 17 survivors (17408K)
 Metaspace       used 190021K, committed 192832K, reserved 1245184K
  class space    used 24495K, committed 25856K, reserved 1048576K
}
Event: 77.958 GC heap before
{Heap before GC invocations=79 (full 0):
 garbage-first heap   total 479232K, used 308305K [0x0000000080000000, 0x0000000100000000)
  region size 1024K, 90 young (92160K), 17 survivors (17408K)
 Metaspace       used 190390K, committed 193152K, reserved 1245184K
  class space    used 24520K, committed 25856K, reserved 1048576K
}
Event: 77.963 GC heap after
{Heap after GC invocations=80 (full 0):
 garbage-first heap   total 479232K, used 235311K [0x0000000080000000, 0x0000000100000000)
  region size 1024K, 9 young (9216K), 9 survivors (9216K)
 Metaspace       used 190390K, committed 193152K, reserved 1245184K
  class space    used 24520K, committed 25856K, reserved 1048576K
}
Event: 79.319 GC heap before
{Heap before GC invocations=81 (full 0):
 garbage-first heap   total 479232K, used 445231K [0x0000000080000000, 0x0000000100000000)
  region size 1024K, 203 young (207872K), 9 survivors (9216K)
 Metaspace       used 203986K, committed 206784K, reserved 1245184K
  class space    used 26424K, committed 27776K, reserved 1048576K
}
Event: 79.325 GC heap after
{Heap after GC invocations=82 (full 0):
 garbage-first heap   total 479232K, used 243056K [0x0000000080000000, 0x0000000100000000)
  region size 1024K, 15 young (15360K), 15 survivors (15360K)
 Metaspace       used 203986K, committed 206784K, reserved 1245184K
  class space    used 26424K, committed 27776K, reserved 1048576K
}
Event: 79.855 GC heap before
{Heap before GC invocations=82 (full 0):
 garbage-first heap   total 479232K, used 440688K [0x0000000080000000, 0x0000000100000000)
  region size 1024K, 206 young (210944K), 15 survivors (15360K)
 Metaspace       used 204459K, committed 207232K, reserved 1245184K
  class space    used 26453K, committed 27776K, reserved 1048576K
}
Event: 79.862 GC heap after
{Heap after GC invocations=83 (full 0):
 garbage-first heap   total 479232K, used 242246K [0x0000000080000000, 0x0000000100000000)
  region size 1024K, 12 young (12288K), 12 survivors (12288K)
 Metaspace       used 204459K, committed 207232K, reserved 1245184K
  class space    used 26453K, committed 27776K, reserved 1048576K
}
Event: 80.396 GC heap before
{Heap before GC invocations=83 (full 0):
 garbage-first heap   total 479232K, used 441926K [0x0000000080000000, 0x0000000100000000)
  region size 1024K, 207 young (211968K), 12 survivors (12288K)
 Metaspace       used 204482K, committed 207232K, reserved 1245184K
  class space    used 26454K, committed 27776K, reserved 1048576K
}
Event: 80.401 GC heap after
{Heap after GC invocations=84 (full 0):
 garbage-first heap   total 479232K, used 243140K [0x0000000080000000, 0x0000000100000000)
  region size 1024K, 13 young (13312K), 13 survivors (13312K)
 Metaspace       used 204482K, committed 207232K, reserved 1245184K
  class space    used 26454K, committed 27776K, reserved 1048576K
}
Event: 86.547 GC heap before
{Heap before GC invocations=85 (full 0):
 garbage-first heap   total 479232K, used 444868K [0x0000000080000000, 0x0000000100000000)
  region size 1024K, 206 young (210944K), 13 survivors (13312K)
 Metaspace       used 210367K, committed 213312K, reserved 1245184K
  class space    used 27039K, committed 28480K, reserved 1048576K
}
Event: 86.554 GC heap after
{Heap after GC invocations=86 (full 0):
 garbage-first heap   total 479232K, used 245318K [0x0000000080000000, 0x0000000100000000)
  region size 1024K, 17 young (17408K), 17 survivors (17408K)
 Metaspace       used 210367K, committed 213312K, reserved 1245184K
  class space    used 27039K, committed 28480K, reserved 1048576K
}
Event: 1572.597 GC heap before
{Heap before GC invocations=86 (full 0):
 garbage-first heap   total 479232K, used 435782K [0x0000000080000000, 0x0000000100000000)
  region size 1024K, 204 young (208896K), 17 survivors (17408K)
 Metaspace       used 218753K, committed 221632K, reserved 1245184K
  class space    used 28177K, committed 29568K, reserved 1048576K
}
Event: 1572.621 GC heap after
{Heap after GC invocations=87 (full 0):
 garbage-first heap   total 479232K, used 251281K [0x0000000080000000, 0x0000000100000000)
  region size 1024K, 19 young (19456K), 19 survivors (19456K)
 Metaspace       used 218753K, committed 221632K, reserved 1245184K
  class space    used 28177K, committed 29568K, reserved 1048576K
}
Event: 1574.448 GC heap before
{Heap before GC invocations=87 (full 0):
 garbage-first heap   total 479232K, used 433553K [0x0000000080000000, 0x0000000100000000)
  region size 1024K, 198 young (202752K), 19 survivors (19456K)
 Metaspace       used 222153K, committed 225152K, reserved 1245184K
  class space    used 28599K, committed 30080K, reserved 1048576K
}
Event: 1574.463 GC heap after
{Heap after GC invocations=88 (full 0):
 garbage-first heap   total 479232K, used 263720K [0x0000000080000000, 0x0000000100000000)
  region size 1024K, 23 young (23552K), 23 survivors (23552K)
 Metaspace       used 222153K, committed 225152K, reserved 1245184K
  class space    used 28599K, committed 30080K, reserved 1048576K
}

